Resolving dependencies...
Downloading packages...
  app_links 6.4.1 (7.0.0 available)
  characters 1.4.0 (1.4.1 available)
  ffi 2.1.4 (2.1.5 available)
  flutter_launcher_icons 0.13.1 (0.14.4 available)
  flutter_lints 3.0.2 (6.0.0 available)
  flutter_riverpod 2.6.1 (3.2.0 available)
  go_router 13.2.5 (17.0.1 available)
  google_fonts 6.3.3 (8.0.0 available)
  google_sign_in 6.3.0 (7.2.0 available)
  google_sign_in_android 6.2.1 (7.2.7 available)
  google_sign_in_ios 5.9.0 (6.2.5 available)
  google_sign_in_platform_interface 2.5.0 (3.1.0 available)
  google_sign_in_web 0.12.4+4 (1.1.0 available)
  json_annotation 4.9.0 (4.10.0 available)
  lints 3.0.0 (6.0.0 available)
  matcher 0.12.17 (0.12.18 available)
  material_color_utilities 0.11.1 (0.13.0 available)
  meta 1.17.0 (1.18.1 available)
  path_provider_foundation 2.5.1 (2.6.0 available)
  riverpod 2.6.1 (3.2.0 available)
  shared_preferences_android 2.4.18 (2.4.20 available)
  test_api 0.7.7 (0.7.9 available)
  url_launcher_web 2.4.1 (2.4.2 available)
Got dependencies!
23 packages have newer versions incompatible with dependency constraints.
Try `flutter pub outdated` for more information.
Running Gradle task 'assembleRelease'...                        
Font asset "MaterialIcons-Regular.otf" was tree-shaken, reducing it from 1645184 to 2168 bytes (99.9% reduction). Tree-shaking can be disabled by providing the --no-tree-shake-icons flag when building your app.
Font asset "CupertinoIcons.ttf" was tree-shaken, reducing it from 257628 to 848 bytes (99.7% reduction). Tree-shaking can be disabled by providing the --no-tree-shake-icons flag when building your app.

FAILURE: Build failed with an exception.

* What went wrong:
Execution failed for task ':app:processReleaseResources'.
> A failure occurred while executing com.android.build.gradle.internal.res.LinkApplicationAndroidResourcesTask$TaskAction
   > Android resource linking failed
     ERROR: C:\Users\terakura_t\Documents\3Qquestions_free\android\app\src\main\AndroidManifest.xml:14:9-35:20: AAPT: error: 'orientation|keyboardHidden|keyboard|screenSize|smallestScreenSize|locale|layoutDirection|fontScale|screenLayout|density|uiMode|screenOn' is incompatible with attribute configChanges (attr) flags [assetsPaths=2147483648, colorMode=16384, density=4096, fontScale=1073741824, fontWeightAdjustment=268435456, grammaticalGender=32768, keyboard=16, keyboardHidden=32, layoutDirection=8192, locale=4, mcc=1, mnc=2, navigation=64, orientation=128, resourcesUnused=134217728, screenLayout=256, screenSize=1024, smallestScreenSize=2048, touchscreen=8, uiMode=512].


* Try:
> Run with --stacktrace option to get the stack trace.
> Run with --info or --debug option to get more log output.
> Run with --scan to get full insights.
> Get more help at https://help.gradle.org.

BUILD FAILED in 16s
Running Gradle task 'assembleRelease'...                           16.9s
Gradle task assembleRelease failed with exit code 1
